2025-06-23 14:42:01,883 NanoPlot 1.44.1 started with arguments Namespace(threads=4, verbose=False, store=False, raw=False, huge=False, outdir='result_nanoplot/FAX00328_20240115_1815_946aeace', no_static=False, prefix='', tsv_stats=False, only_report=False, info_in_report=False, maxlength=None, minlength=None, drop_outliers=False, downsample=None, loglength=False, percentqual=False, alength=False, minqual=None, runtime_until=None, readtype='1D', barcoded=False, no_supplementary=False, color='#4CB391', colormap='Greens', format=['png'], plots=['kde', 'dot'], legacy=None, listcolors=False, listcolormaps=False, no_N50=False, N50=True, title=None, font_scale=1, dpi=100, hide_stats=False, fastq=None, fasta=None, fastq_rich=None, fastq_minimal=None, summary=None, bam=None, ubam=['FAX00328_20240115_1815_946aeace.bam'], cram=None, pickle=None, feather=None, path='result_nanoplot/FAX00328_20240115_1815_946aeace/')
2025-06-23 14:42:01,883 Python version is: 3.12.11 | packaged by conda-forge | (main, Jun  4 2025, 14:45:31) [GCC 13.3.0]
2025-06-23 14:42:02,021 Nanoget: Starting to collect statistics from ubam file FAX00328_20240115_1815_946aeace.bam.
2025-06-23 14:43:40,319 Nanoget: No index for bam file could be found, created index.
2025-06-23 14:49:09,469 Nanoget: ubam FAX00328_20240115_1815_946aeace.bam contains 12105175 reads.
2025-06-23 14:49:12,213 Reduced DataFrame memory usage from 1165.9839696884155Mb to 1165.9839696884155Mb
2025-06-23 14:49:16,910 Nanoget: Gathered all metrics of 12105175 reads
2025-06-23 14:49:25,311 Calculated statistics
2025-06-23 14:49:25,312 Using sequenced read lengths for plotting.
2025-06-23 14:49:25,686 Removed 1 artefactual reads with very short length and very high quality.
2025-06-23 14:49:33,950 Calculated statistics
2025-06-23 14:49:33,986 NanoPlot:  Valid color #4CB391.
2025-06-23 14:49:33,987 NanoPlot:  Valid colormap Greens.
2025-06-23 14:49:35,030 NanoPlot:  Creating length plots for Read length.
2025-06-23 14:49:35,033 NanoPlot: Using 12105174 reads with read length N50 of 887bp and maximum of 721376bp.
2025-06-23 14:49:43,989 Saved result_nanoplot/FAX00328_20240115_1815_946aeace/WeightedHistogramReadlength  as png (or png for --legacy)
2025-06-23 14:49:44,722 Saved result_nanoplot/FAX00328_20240115_1815_946aeace/WeightedLogTransformed_HistogramReadlength  as png (or png for --legacy)
2025-06-23 14:49:45,320 Saved result_nanoplot/FAX00328_20240115_1815_946aeace/Non_weightedHistogramReadlength  as png (or png for --legacy)
2025-06-23 14:49:45,912 Saved result_nanoplot/FAX00328_20240115_1815_946aeace/Non_weightedLogTransformed_HistogramReadlength  as png (or png for --legacy)
2025-06-23 14:49:45,914 NanoPlot: Creating yield by minimal length plot for Read length.
2025-06-23 14:49:50,326 Saved result_nanoplot/FAX00328_20240115_1815_946aeace/Yield_By_Length  as png (or png for --legacy)
2025-06-23 14:49:50,329 Created length plots
2025-06-23 14:49:50,611 NanoPlot: Creating Read lengths vs Average read quality plots using 12105174 reads.
2025-06-23 14:49:52,134 Saved result_nanoplot/FAX00328_20240115_1815_946aeace/LengthvsQualityScatterPlot_dot  as png (or png for --legacy)
2025-06-23 14:49:52,710 Saved result_nanoplot/FAX00328_20240115_1815_946aeace/LengthvsQualityScatterPlot_kde  as png (or png for --legacy)
2025-06-23 14:49:52,712 Created LengthvsQual plot
2025-06-23 14:49:52,712 Writing html report.
2025-06-23 14:49:52,758 Finished!
