2025-06-24 19:31:18,330 NanoPlot 1.44.1 started with arguments Namespace(threads=4, verbose=False, store=False, raw=False, huge=False, outdir='.', no_static=False, prefix='', tsv_stats=False, only_report=False, info_in_report=False, maxlength=None, minlength=None, drop_outliers=False, downsample=None, loglength=False, percentqual=False, alength=False, minqual=None, runtime_until=None, readtype='1D', barcoded=False, no_supplementary=False, color='#4CB391', colormap='Greens', format=['png'], plots=['kde', 'dot'], legacy=None, listcolors=False, listcolormaps=False, no_N50=False, N50=True, title=None, font_scale=1, dpi=100, hide_stats=False, fastq=None, fasta=None, fastq_rich=None, fastq_minimal=None, summary=None, bam=None, ubam=['FAX00264_20240115_1817_5ed29589.bam'], cram=None, pickle=None, feather=None, path='./')
2025-06-24 19:31:18,331 Python version is: 3.12.11 | packaged by conda-forge | (main, Jun  4 2025, 14:45:31) [GCC 13.3.0]
2025-06-24 19:31:18,350 Nanoget: Starting to collect statistics from ubam file FAX00264_20240115_1817_5ed29589.bam.
2025-06-24 19:32:42,753 Nanoget: No index for bam file could be found, created index.
2025-06-24 19:38:15,022 Nanoget: ubam FAX00264_20240115_1817_5ed29589.bam contains 12344719 reads.
2025-06-24 19:38:20,793 Reduced DataFrame memory usage from 1189.0571126937866Mb to 1189.0571126937866Mb
2025-06-24 19:38:27,271 Nanoget: Gathered all metrics of 12344719 reads
2025-06-24 19:38:37,493 Calculated statistics
2025-06-24 19:38:37,494 Using sequenced read lengths for plotting.
2025-06-24 19:38:38,793 Removed 5 artefactual reads with very short length and very high quality.
2025-06-24 19:38:49,227 Calculated statistics
2025-06-24 19:38:49,263 NanoPlot:  Valid color #4CB391.
2025-06-24 19:38:49,263 NanoPlot:  Valid colormap Greens.
2025-06-24 19:38:50,245 NanoPlot:  Creating length plots for Read length.
2025-06-24 19:38:50,248 NanoPlot: Using 12344714 reads with read length N50 of 919bp and maximum of 313214bp.
2025-06-24 19:38:50,955 Saved ./WeightedHistogramReadlength  as png (or png for --legacy)
2025-06-24 19:38:51,600 Saved ./WeightedLogTransformed_HistogramReadlength  as png (or png for --legacy)
2025-06-24 19:38:52,233 Saved ./Non_weightedHistogramReadlength  as png (or png for --legacy)
2025-06-24 19:38:52,852 Saved ./Non_weightedLogTransformed_HistogramReadlength  as png (or png for --legacy)
2025-06-24 19:38:52,854 NanoPlot: Creating yield by minimal length plot for Read length.
2025-06-24 19:38:54,578 Saved ./Yield_By_Length  as png (or png for --legacy)
2025-06-24 19:38:54,580 Created length plots
2025-06-24 19:38:54,884 NanoPlot: Creating Read lengths vs Average read quality plots using 12344714 reads.
2025-06-24 19:38:56,359 Saved ./LengthvsQualityScatterPlot_dot  as png (or png for --legacy)
2025-06-24 19:38:56,933 Saved ./LengthvsQualityScatterPlot_kde  as png (or png for --legacy)
2025-06-24 19:38:56,935 Created LengthvsQual plot
2025-06-24 19:38:56,935 Writing html report.
2025-06-24 19:38:56,952 Finished!
