2025-06-24 19:31:18,330 NanoPlot 1.44.1 started with arguments Namespace(threads=4, verbose=False, store=False, raw=False, huge=False, outdir='.', no_static=False, prefix='', tsv_stats=False, only_report=False, info_in_report=False, maxlength=None, minlength=None, drop_outliers=False, downsample=None, loglength=False, percentqual=False, alength=False, minqual=None, runtime_until=None, readtype='1D', barcoded=False, no_supplementary=False, color='#4CB391', colormap='Greens', format=['png'], plots=['kde', 'dot'], legacy=None, listcolors=False, listcolormaps=False, no_N50=False, N50=True, title=None, font_scale=1, dpi=100, hide_stats=False, fastq=None, fasta=None, fastq_rich=None, fastq_minimal=None, summary=None, bam=None, ubam=['FAX02366_20240115_1632_794829ec.bam'], cram=None, pickle=None, feather=None, path='./')
2025-06-24 19:31:18,330 Python version is: 3.12.11 | packaged by conda-forge | (main, Jun  4 2025, 14:45:31) [GCC 13.3.0]
2025-06-24 19:31:18,348 Nanoget: Starting to collect statistics from ubam file FAX02366_20240115_1632_794829ec.bam.
2025-06-24 19:32:59,718 Nanoget: No index for bam file could be found, created index.
2025-06-24 19:39:39,893 Nanoget: ubam FAX02366_20240115_1632_794829ec.bam contains 15138978 reads.
2025-06-24 19:39:43,051 Reduced DataFrame memory usage from 1458.2032299041748Mb to 1458.2032299041748Mb
2025-06-24 19:39:48,978 Nanoget: Gathered all metrics of 15138978 reads
2025-06-24 19:39:59,792 Calculated statistics
2025-06-24 19:39:59,793 Using sequenced read lengths for plotting.
2025-06-24 19:40:00,334 Removed 3 artefactual reads with very short length and very high quality.
2025-06-24 19:40:11,765 Calculated statistics
2025-06-24 19:40:11,808 NanoPlot:  Valid color #4CB391.
2025-06-24 19:40:11,809 NanoPlot:  Valid colormap Greens.
2025-06-24 19:40:13,080 NanoPlot:  Creating length plots for Read length.
2025-06-24 19:40:13,083 NanoPlot: Using 15138975 reads with read length N50 of 914bp and maximum of 521786bp.
2025-06-24 19:40:13,898 Saved ./WeightedHistogramReadlength  as png (or png for --legacy)
2025-06-24 19:40:14,554 Saved ./WeightedLogTransformed_HistogramReadlength  as png (or png for --legacy)
2025-06-24 19:40:15,176 Saved ./Non_weightedHistogramReadlength  as png (or png for --legacy)
2025-06-24 19:40:15,789 Saved ./Non_weightedLogTransformed_HistogramReadlength  as png (or png for --legacy)
2025-06-24 19:40:15,791 NanoPlot: Creating yield by minimal length plot for Read length.
2025-06-24 19:40:17,816 Saved ./Yield_By_Length  as png (or png for --legacy)
2025-06-24 19:40:17,819 Created length plots
2025-06-24 19:40:18,164 NanoPlot: Creating Read lengths vs Average read quality plots using 15138975 reads.
2025-06-24 19:40:19,759 Saved ./LengthvsQualityScatterPlot_dot  as png (or png for --legacy)
2025-06-24 19:40:20,306 Saved ./LengthvsQualityScatterPlot_kde  as png (or png for --legacy)
2025-06-24 19:40:20,308 Created LengthvsQual plot
2025-06-24 19:40:20,308 Writing html report.
2025-06-24 19:40:20,326 Finished!
