2025-06-23 13:01:26,734 NanoPlot 1.44.1 started with arguments Namespace(threads=4, verbose=False, store=False, raw=False, huge=False, outdir='/users/rg/baygun/BlaER/long_read/nanoplot/result_nanoplot/FAX00328_20240115_1815_946aeace', no_static=False, prefix='', tsv_stats=False, only_report=False, info_in_report=False, maxlength=None, minlength=None, drop_outliers=False, downsample=None, loglength=False, percentqual=False, alength=False, minqual=None, runtime_until=None, readtype='1D', barcoded=False, no_supplementary=False, color='#4CB391', colormap='Greens', format=['png'], plots=['kde', 'dot'], legacy=None, listcolors=False, listcolormaps=False, no_N50=False, N50=True, title=None, font_scale=1, dpi=100, hide_stats=False, fastq=None, fasta=None, fastq_rich=None, fastq_minimal=None, summary=None, bam=None, ubam=['/users/rg/baygun/BlaER/files/long_read_files/FAX00328_20240115_1815_946aeace.bam'], cram=None, pickle=None, feather=None, path='/users/rg/baygun/BlaER/long_read/nanoplot/result_nanoplot/FAX00328_20240115_1815_946aeace/')
2025-06-23 13:01:26,734 Python version is: 3.12.11 | packaged by conda-forge | (main, Jun  4 2025, 14:45:31) [GCC 13.3.0]
2025-06-23 13:01:26,747 Nanoget: Starting to collect statistics from ubam file /users/rg/baygun/BlaER/files/long_read_files/FAX00328_20240115_1815_946aeace.bam.
2025-06-23 13:02:47,426 Nanoget: No index for bam file could be found, created index.
2025-06-23 13:07:53,952 Nanoget: ubam /users/rg/baygun/BlaER/files/long_read_files/FAX00328_20240115_1815_946aeace.bam contains 12105175 reads.
2025-06-23 13:07:56,494 Reduced DataFrame memory usage from 1165.9839696884155Mb to 1165.9839696884155Mb
2025-06-23 13:08:01,143 Nanoget: Gathered all metrics of 12105175 reads
2025-06-23 13:08:09,709 Calculated statistics
2025-06-23 13:08:09,710 Using sequenced read lengths for plotting.
2025-06-23 13:08:10,190 Removed 1 artefactual reads with very short length and very high quality.
2025-06-23 13:08:18,605 Calculated statistics
2025-06-23 13:08:18,640 NanoPlot:  Valid color #4CB391.
2025-06-23 13:08:18,641 NanoPlot:  Valid colormap Greens.
2025-06-23 13:08:19,685 NanoPlot:  Creating length plots for Read length.
2025-06-23 13:08:19,687 NanoPlot: Using 12105174 reads with read length N50 of 887bp and maximum of 721376bp.
2025-06-23 13:08:20,482 Saved /users/rg/baygun/BlaER/long_read/nanoplot/result_nanoplot/FAX00328_20240115_1815_946aeace/WeightedHistogramReadlength  as png (or png for --legacy)
2025-06-23 13:08:21,095 Saved /users/rg/baygun/BlaER/long_read/nanoplot/result_nanoplot/FAX00328_20240115_1815_946aeace/WeightedLogTransformed_HistogramReadlength  as png (or png for --legacy)
2025-06-23 13:08:21,668 Saved /users/rg/baygun/BlaER/long_read/nanoplot/result_nanoplot/FAX00328_20240115_1815_946aeace/Non_weightedHistogramReadlength  as png (or png for --legacy)
2025-06-23 13:08:22,248 Saved /users/rg/baygun/BlaER/long_read/nanoplot/result_nanoplot/FAX00328_20240115_1815_946aeace/Non_weightedLogTransformed_HistogramReadlength  as png (or png for --legacy)
2025-06-23 13:08:22,250 NanoPlot: Creating yield by minimal length plot for Read length.
2025-06-23 13:08:23,915 Saved /users/rg/baygun/BlaER/long_read/nanoplot/result_nanoplot/FAX00328_20240115_1815_946aeace/Yield_By_Length  as png (or png for --legacy)
2025-06-23 13:08:23,918 Created length plots
2025-06-23 13:08:24,209 NanoPlot: Creating Read lengths vs Average read quality plots using 12105174 reads.
2025-06-23 13:08:25,496 Saved /users/rg/baygun/BlaER/long_read/nanoplot/result_nanoplot/FAX00328_20240115_1815_946aeace/LengthvsQualityScatterPlot_dot  as png (or png for --legacy)
2025-06-23 13:08:25,999 Saved /users/rg/baygun/BlaER/long_read/nanoplot/result_nanoplot/FAX00328_20240115_1815_946aeace/LengthvsQualityScatterPlot_kde  as png (or png for --legacy)
2025-06-23 13:08:26,001 Created LengthvsQual plot
2025-06-23 13:08:26,001 Writing html report.
2025-06-23 13:08:26,020 Finished!
