2025-06-24 19:31:18,330 NanoPlot 1.44.1 started with arguments Namespace(threads=4, verbose=False, store=False, raw=False, huge=False, outdir='.', no_static=False, prefix='', tsv_stats=False, only_report=False, info_in_report=False, maxlength=None, minlength=None, drop_outliers=False, downsample=None, loglength=False, percentqual=False, alength=False, minqual=None, runtime_until=None, readtype='1D', barcoded=False, no_supplementary=False, color='#4CB391', colormap='Greens', format=['png'], plots=['kde', 'dot'], legacy=None, listcolors=False, listcolormaps=False, no_N50=False, N50=True, title=None, font_scale=1, dpi=100, hide_stats=False, fastq=None, fasta=None, fastq_rich=None, fastq_minimal=None, summary=None, bam=None, ubam=['FAX00328_20240115_1815_946aeace.bam'], cram=None, pickle=None, feather=None, path='./')
2025-06-24 19:31:18,330 Python version is: 3.12.11 | packaged by conda-forge | (main, Jun  4 2025, 14:45:31) [GCC 13.3.0]
2025-06-24 19:31:18,347 Nanoget: Starting to collect statistics from ubam file FAX00328_20240115_1815_946aeace.bam.
2025-06-24 19:32:36,755 Nanoget: No index for bam file could be found, created index.
2025-06-24 19:37:47,649 Nanoget: ubam FAX00328_20240115_1815_946aeace.bam contains 12105175 reads.
2025-06-24 19:37:56,910 Reduced DataFrame memory usage from 1165.9839696884155Mb to 1165.9839696884155Mb
2025-06-24 19:38:02,941 Nanoget: Gathered all metrics of 12105175 reads
2025-06-24 19:38:14,032 Calculated statistics
2025-06-24 19:38:14,033 Using sequenced read lengths for plotting.
2025-06-24 19:38:15,095 Removed 1 artefactual reads with very short length and very high quality.
2025-06-24 19:38:29,254 Calculated statistics
2025-06-24 19:38:29,290 NanoPlot:  Valid color #4CB391.
2025-06-24 19:38:29,291 NanoPlot:  Valid colormap Greens.
2025-06-24 19:38:30,374 NanoPlot:  Creating length plots for Read length.
2025-06-24 19:38:30,377 NanoPlot: Using 12105174 reads with read length N50 of 887bp and maximum of 721376bp.
2025-06-24 19:38:31,708 Saved ./WeightedHistogramReadlength  as png (or png for --legacy)
2025-06-24 19:38:32,789 Saved ./WeightedLogTransformed_HistogramReadlength  as png (or png for --legacy)
2025-06-24 19:38:33,500 Saved ./Non_weightedHistogramReadlength  as png (or png for --legacy)
2025-06-24 19:38:34,205 Saved ./Non_weightedLogTransformed_HistogramReadlength  as png (or png for --legacy)
2025-06-24 19:38:34,207 NanoPlot: Creating yield by minimal length plot for Read length.
2025-06-24 19:38:37,283 Saved ./Yield_By_Length  as png (or png for --legacy)
2025-06-24 19:38:37,286 Created length plots
2025-06-24 19:38:37,968 NanoPlot: Creating Read lengths vs Average read quality plots using 12105174 reads.
2025-06-24 19:38:40,228 Saved ./LengthvsQualityScatterPlot_dot  as png (or png for --legacy)
2025-06-24 19:38:40,927 Saved ./LengthvsQualityScatterPlot_kde  as png (or png for --legacy)
2025-06-24 19:38:40,929 Created LengthvsQual plot
2025-06-24 19:38:40,932 Writing html report.
2025-06-24 19:38:40,951 Finished!
