no change     /users/rg/baygun/miniforge3/condabin/conda
no change     /users/rg/baygun/miniforge3/bin/conda
no change     /users/rg/baygun/miniforge3/bin/conda-env
no change     /users/rg/baygun/miniforge3/bin/activate
no change     /users/rg/baygun/miniforge3/bin/deactivate
no change     /users/rg/baygun/miniforge3/etc/profile.d/conda.sh
no change     /users/rg/baygun/miniforge3/etc/fish/conf.d/conda.fish
no change     /users/rg/baygun/miniforge3/shell/condabin/Conda.psm1
no change     /users/rg/baygun/miniforge3/shell/condabin/conda-hook.ps1
no change     /users/rg/baygun/miniforge3/lib/python3.12/site-packages/xontrib/conda.xsh
no change     /users/rg/baygun/miniforge3/etc/profile.d/conda.csh
no change     /users/rg/baygun/.bashrc
No action taken.

 N E X T F L O W   ~  version 24.10.3

Launching `main.nf` [gloomy_panini] DSL2 - revision: b366fe18ef

[-        ] NanoPlot -

executor >  local (4)
[02/a343e0] NanoPlot (2) | 0 of 4

executor >  local (4)
[02/a343e0] NanoPlot (2) | 0 of 4
