no change     /users/rg/baygun/miniforge3/condabin/conda
no change     /users/rg/baygun/miniforge3/bin/conda
no change     /users/rg/baygun/miniforge3/bin/conda-env
no change     /users/rg/baygun/miniforge3/bin/activate
no change     /users/rg/baygun/miniforge3/bin/deactivate
no change     /users/rg/baygun/miniforge3/etc/profile.d/conda.sh
no change     /users/rg/baygun/miniforge3/etc/fish/conf.d/conda.fish
no change     /users/rg/baygun/miniforge3/shell/condabin/Conda.psm1
no change     /users/rg/baygun/miniforge3/shell/condabin/conda-hook.ps1
no change     /users/rg/baygun/miniforge3/lib/python3.12/site-packages/xontrib/conda.xsh
no change     /users/rg/baygun/miniforge3/etc/profile.d/conda.csh
no change     /users/rg/baygun/.bashrc
No action taken.

 N E X T F L O W   ~  version 24.10.3

Launching `main.nf` [determined_williams] DSL2 - revision: d29a2ced2b

[-        ] NanoPlot | 0 of 4

executor >  local (4)
[43/a6537f] NanoPlot (1) | 0 of 4

executor >  local (4)
[43/a6537f] NanoPlot (1) | 1 of 4

executor >  local (4)
[8f/89f37a] NanoPlot (3) | 2 of 4

executor >  local (4)
[00/493611] NanoPlot (4) | 3 of 4
