2025-06-24 18:39:04,284 NanoPlot 1.44.1 started with arguments Namespace(threads=4, verbose=False, store=False, raw=False, huge=False, outdir='result_nanoplot/FAX02366_20240115_1632_794829ec', no_static=False, prefix='', tsv_stats=False, only_report=False, info_in_report=False, maxlength=None, minlength=None, drop_outliers=False, downsample=None, loglength=False, percentqual=False, alength=False, minqual=None, runtime_until=None, readtype='1D', barcoded=False, no_supplementary=False, color='#4CB391', colormap='Greens', format=['png'], plots=['kde', 'dot'], legacy=None, listcolors=False, listcolormaps=False, no_N50=False, N50=True, title=None, font_scale=1, dpi=100, hide_stats=False, fastq=None, fasta=None, fastq_rich=None, fastq_minimal=None, summary=None, bam=None, ubam=['FAX02366_20240115_1632_794829ec.bam'], cram=None, pickle=None, feather=None, path='result_nanoplot/FAX02366_20240115_1632_794829ec/')
2025-06-24 18:39:04,284 Python version is: 3.12.11 | packaged by conda-forge | (main, Jun  4 2025, 14:45:31) [GCC 13.3.0]
2025-06-24 18:39:04,400 Nanoget: Starting to collect statistics from ubam file FAX02366_20240115_1632_794829ec.bam.
2025-06-24 18:40:50,209 Nanoget: No index for bam file could be found, created index.
2025-06-24 18:47:34,503 Nanoget: ubam FAX02366_20240115_1632_794829ec.bam contains 15138978 reads.
2025-06-24 18:47:37,693 Reduced DataFrame memory usage from 1458.2032299041748Mb to 1458.2032299041748Mb
2025-06-24 18:47:43,851 Nanoget: Gathered all metrics of 15138978 reads
2025-06-24 18:47:54,989 Calculated statistics
2025-06-24 18:47:54,990 Using sequenced read lengths for plotting.
2025-06-24 18:47:55,519 Removed 3 artefactual reads with very short length and very high quality.
2025-06-24 18:48:06,934 Calculated statistics
2025-06-24 18:48:06,980 NanoPlot:  Valid color #4CB391.
2025-06-24 18:48:06,980 NanoPlot:  Valid colormap Greens.
2025-06-24 18:48:08,351 NanoPlot:  Creating length plots for Read length.
2025-06-24 18:48:08,354 NanoPlot: Using 15138975 reads with read length N50 of 914bp and maximum of 521786bp.
2025-06-24 18:48:09,203 Saved result_nanoplot/FAX02366_20240115_1632_794829ec/WeightedHistogramReadlength  as png (or png for --legacy)
2025-06-24 18:48:09,866 Saved result_nanoplot/FAX02366_20240115_1632_794829ec/WeightedLogTransformed_HistogramReadlength  as png (or png for --legacy)
2025-06-24 18:48:10,481 Saved result_nanoplot/FAX02366_20240115_1632_794829ec/Non_weightedHistogramReadlength  as png (or png for --legacy)
2025-06-24 18:48:11,104 Saved result_nanoplot/FAX02366_20240115_1632_794829ec/Non_weightedLogTransformed_HistogramReadlength  as png (or png for --legacy)
2025-06-24 18:48:11,106 NanoPlot: Creating yield by minimal length plot for Read length.
2025-06-24 18:48:13,143 Saved result_nanoplot/FAX02366_20240115_1632_794829ec/Yield_By_Length  as png (or png for --legacy)
2025-06-24 18:48:13,146 Created length plots
2025-06-24 18:48:13,557 NanoPlot: Creating Read lengths vs Average read quality plots using 15138975 reads.
2025-06-24 18:48:15,244 Saved result_nanoplot/FAX02366_20240115_1632_794829ec/LengthvsQualityScatterPlot_dot  as png (or png for --legacy)
2025-06-24 18:48:15,775 Saved result_nanoplot/FAX02366_20240115_1632_794829ec/LengthvsQualityScatterPlot_kde  as png (or png for --legacy)
2025-06-24 18:48:15,779 Created LengthvsQual plot
2025-06-24 18:48:15,780 Writing html report.
2025-06-24 18:48:15,800 Finished!
