2025-06-23 17:57:31,462 NanoPlot 1.44.1 started with arguments Namespace(threads=4, verbose=False, store=False, raw=False, huge=False, outdir='result_nanoplot/FAX02366_20240115_1632_794829ec', no_static=False, prefix='', tsv_stats=False, only_report=False, info_in_report=False, maxlength=None, minlength=None, drop_outliers=False, downsample=None, loglength=False, percentqual=False, alength=False, minqual=None, runtime_until=None, readtype='1D', barcoded=False, no_supplementary=False, color='#4CB391', colormap='Greens', format=['png'], plots=['kde', 'dot'], legacy=None, listcolors=False, listcolormaps=False, no_N50=False, N50=True, title=None, font_scale=1, dpi=100, hide_stats=False, fastq=None, fasta=None, fastq_rich=None, fastq_minimal=None, summary=None, bam=None, ubam=['FAX02366_20240115_1632_794829ec.bam'], cram=None, pickle=None, feather=None, path='result_nanoplot/FAX02366_20240115_1632_794829ec/')
2025-06-23 17:57:31,463 Python version is: 3.12.11 | packaged by conda-forge | (main, Jun  4 2025, 14:45:31) [GCC 13.3.0]
2025-06-23 17:57:31,475 Nanoget: Starting to collect statistics from ubam file FAX02366_20240115_1632_794829ec.bam.
2025-06-23 17:59:15,982 Nanoget: No index for bam file could be found, created index.
2025-06-23 18:05:54,086 Nanoget: ubam FAX02366_20240115_1632_794829ec.bam contains 15138978 reads.
2025-06-23 18:05:57,202 Reduced DataFrame memory usage from 1458.2032299041748Mb to 1458.2032299041748Mb
2025-06-23 18:06:02,577 Nanoget: Gathered all metrics of 15138978 reads
2025-06-23 18:06:12,995 Calculated statistics
2025-06-23 18:06:12,996 Using sequenced read lengths for plotting.
2025-06-23 18:06:13,521 Removed 3 artefactual reads with very short length and very high quality.
2025-06-23 18:06:24,018 Calculated statistics
2025-06-23 18:06:24,061 NanoPlot:  Valid color #4CB391.
2025-06-23 18:06:24,062 NanoPlot:  Valid colormap Greens.
2025-06-23 18:06:25,312 NanoPlot:  Creating length plots for Read length.
2025-06-23 18:06:25,315 NanoPlot: Using 15138975 reads with read length N50 of 914bp and maximum of 521786bp.
2025-06-23 18:06:26,107 Saved result_nanoplot/FAX02366_20240115_1632_794829ec/WeightedHistogramReadlength  as png (or png for --legacy)
2025-06-23 18:06:26,745 Saved result_nanoplot/FAX02366_20240115_1632_794829ec/WeightedLogTransformed_HistogramReadlength  as png (or png for --legacy)
2025-06-23 18:06:27,337 Saved result_nanoplot/FAX02366_20240115_1632_794829ec/Non_weightedHistogramReadlength  as png (or png for --legacy)
2025-06-23 18:06:27,933 Saved result_nanoplot/FAX02366_20240115_1632_794829ec/Non_weightedLogTransformed_HistogramReadlength  as png (or png for --legacy)
2025-06-23 18:06:27,935 NanoPlot: Creating yield by minimal length plot for Read length.
2025-06-23 18:06:29,803 Saved result_nanoplot/FAX02366_20240115_1632_794829ec/Yield_By_Length  as png (or png for --legacy)
2025-06-23 18:06:29,807 Created length plots
2025-06-23 18:06:30,189 NanoPlot: Creating Read lengths vs Average read quality plots using 15138975 reads.
2025-06-23 18:06:31,696 Saved result_nanoplot/FAX02366_20240115_1632_794829ec/LengthvsQualityScatterPlot_dot  as png (or png for --legacy)
2025-06-23 18:06:32,196 Saved result_nanoplot/FAX02366_20240115_1632_794829ec/LengthvsQualityScatterPlot_kde  as png (or png for --legacy)
2025-06-23 18:06:32,199 Created LengthvsQual plot
2025-06-23 18:06:32,201 Writing html report.
2025-06-23 18:06:32,218 Finished!
